---- light / ericw-tools 2.0.0-alpha10-54-g07dbcb3b ----
LoadBSPFile: 'EldritchTrenches.bsp'
BSP is version Quake BSP bsp29
INFO: using built-in palette.
img::ConvertTextures: WARNING: invalid size data for 
Loading extended texinfo flags from EldritchTrenches.texinfo.json...
Loading extended content flags from EldritchTrenches.content.json...
WARNING: EldritchTrenches.bsp[line 3]: Unrecognised string escape - \.
WARNING: EldritchTrenches.bsp[line 3]: Unrecognised string escape - \.
WARNING: EldritchTrenches.bsp[line 3]: Unrecognised string escape - \.
WARNING: EldritchTrenches.bsp[line 3]: Unrecognised string escape - \e
WARNING: EldritchTrenches.bsp[line 3]: Unrecognised string escape - \q
WARNING: EldritchTrenches.bsp[line 3]: Unrecognised string escape - \p
WARNING: EldritchTrenches.bsp[line 3]: Unrecognised string escape - \p
WARNING: EldritchTrenches.bsp[line 3]: Unrecognised string escape - \.
WARNING: EldritchTrenches.bsp[line 3]: Unrecognised string escape - \.
WARNING: EldritchTrenches.bsp[line 3]: Unrecognised string escape - \.
WARNING: EldritchTrenches.bsp[line 3]: Unrecognised string escape - \e
WARNING: EldritchTrenches.bsp[line 3]: Unrecognised string escape - \q
WARNING: EldritchTrenches.bsp[line 3]: Unrecognised string escape - \Q
WARNING: EldritchTrenches.bsp[line 3]: Unrecognised string escape - \i
WARNING: EldritchTrenches.bsp[line 3]: Unrecognised string escape - \m
WARNING: EldritchTrenches.bsp[line 3]: Unrecognised string escape - \i
WARNING: EldritchTrenches.bsp[line 3]: Unrecognised string escape - \w
WARNING: EldritchTrenches.bsp[line 3]: Unrecognised string escape - \h
WARNING: EldritchTrenches.bsp[line 3]: Unrecognised string escape - \h
WARNING: EldritchTrenches.bsp[line 3]: Unrecognised string escape - \i
WARNING: EldritchTrenches.bsp[line 3]: Unrecognised string escape - \I
WARNING: EldritchTrenches.bsp[line 3]: Unrecognised string escape - \R
WARNING: EldritchTrenches.bsp[line 3]: Unrecognised string escape - \R
243 entities read, 197 are lights.

--- Options Summary ---
    "nocolor" was set to "1" (from command line)

Embree_TraceInit: Embree version: 4.4.0
Embree_TraceInit: 
	91 sky faces
	5089 solid faces
	0 filtered faces
	0 shadow-casting skip faces
SetupLights: 197 initial lights
SetupLights: 197 after surface lights
SetupLights: 197 after jittering
Final count: 197 lights, 0 suns in use.
0 surface light points in use.
map uses color: false
lightmap size (total): 235916
Lighting Completed.

0 switchable light styles (32 max)
Writing EldritchTrenches.bsp as Quake BSP bsp29
0.125s seconds elapsed
0 empty lightmaps


