Loading document from "C:\\Users\\jettm\\Documents\\Columbia Classes\\GAME 336 (Game Design II)\\Quake Starter Kit\\tools\\ironwail\\id1\\maps\\EldritchTrenches.map"
Adding file system path "C:\\Users\\jettm\\Documents\\Columbia Classes\\GAME 336 (Game Design II)\\Quake Starter Kit\\level-editor\\defaults\\assets"
Adding file system path "C:\\Users\\jettm\\Documents\\Columbia Classes\\GAME 336 (Game Design II)\\Quake Starter Kit\\tools\\ironwail\\id1"
Adding file system package "PAK0.PAK"
Adding file system package "PAK1.PAK"
Adding file system path "C:\\Users\\jettm\\Documents\\Columbia Classes\\GAME 336 (Game Design II)\\Quake Starter Kit\\level-editor\\defaults\\assets"
Adding file system path "C:\\Users\\jettm\\Documents\\Columbia Classes\\GAME 336 (Game Design II)\\Quake Starter Kit\\tools\\ironwail\\id1"
Adding file system package "PAK0.PAK"
Adding file system package "PAK1.PAK"
Loaded entity definition file Quake.fgd
Found 0 shaders
Saving document to "C:\\Users\\jettm\\Documents\\Columbia Classes\\GAME 336 (Game Design II)\\Quake Starter Kit\\tools\\ironwail\\id1\\maps\\autosave\\EldritchTrenches.10.map"
Created autosave backup at "C:\\Users\\jettm\\Documents\\Columbia Classes\\GAME 336 (Game Design II)\\Quake Starter Kit\\tools\\ironwail\\id1\\maps\\autosave\\EldritchTrenches.10.map"
Could not resize brush: Brush is empty
Could not resize brush: Brush is empty
Could not resize brush: Brush is empty
Could not resize brush: Brush is empty
Could not resize brush: Brush is empty
Could not resize brush: Brush is empty
Could not resize brush: Brush is empty
Could not resize brush: Brush is empty
Could not resize brush: Brush is empty
Could not resize brush: Brush is empty
Could not resize brush: Brush is empty
Could not resize brush: Brush is empty
Could not resize brush: Brush is empty
Could not resize brush: Brush is empty
Could not resize brush: Brush is empty
Could not resize brush: Brush is empty
Could not resize brush: Brush is empty
Could not resize brush: Brush is empty
Could not resize brush: Brush is empty
Could not resize brush: Brush is empty
Could not resize brush: Brush is empty
Could not resize brush: Brush is empty
Could not resize brush: Brush is empty
Could not resize brush: Brush is empty
Could not resize brush: Brush is empty
Could not resize brush: Brush is empty
Could not clip brush: Brush is empty
Could not clip brush: Brush is empty
Could not clip brush: Brush is empty
Could not clip brush: Brush is empty
Could not clip brush: Brush is empty
Could not clip brush: Brush is empty
Could not clip brush: Brush is empty
Could not clip brush: Brush is empty
Could not clip brush: Brush is empty
Could not resize brush: Brush is empty
Could not resize brush: Brush is empty
Could not resize brush: Brush is empty
Could not resize brush: Brush is empty
Could not resize brush: Brush is empty
Could not resize brush: Brush is empty
Could not resize brush: Brush is empty
Could not resize brush: Brush is empty
Could not resize brush: Brush is empty
Could not resize brush: Brush is empty
Could not resize brush: Brush is empty
Could not resize brush: Brush is empty
Could not resize brush: Brush is empty
Could not resize brush: Brush is empty
Could not resize brush: Brush is empty
Could not resize brush: Brush is empty
